{"uid":"b05c358190cdecf1","name":"Создание заказа без авторизации","fullName":"OrderCreationTest.createOrderWithoutAuth","historyId":"4067b2837423e026743bd37de70b0bb0","time":{"start":1723218173728,"stop":1723218175739,"duration":2011},"status":"broken","statusMessage":"Header value cannot be null","statusTrace":"java.lang.IllegalArgumentException: Header value cannot be null\r\n\tat java.base/jdk.internal.reflect.NativeConstructorAccessorImpl.newInstance0(Native Method)\r\n\tat java.base/jdk.internal.reflect.NativeConstructorAccessorImpl.newInstance(NativeConstructorAccessorImpl.java:62)\r\n\tat java.base/jdk.internal.reflect.DelegatingConstructorAccessorImpl.newInstance(DelegatingConstructorAccessorImpl.java:45)\r\n\tat java.base/java.lang.reflect.Constructor.newInstance(Constructor.java:490)\r\n\tat org.codehaus.groovy.reflection.CachedConstructor.invoke(CachedConstructor.java:73)\r\n\tat org.codehaus.groovy.reflection.CachedConstructor.doConstructorInvoke(CachedConstructor.java:60)\r\n\tat org.codehaus.groovy.runtime.callsite.ConstructorSite$ConstructorSiteNoUnwrap.callConstructor(ConstructorSite.java:86)\r\n\tat org.codehaus.groovy.runtime.callsite.CallSiteArray.defaultCallConstructor(CallSiteArray.java:58)\r\n\tat org.codehaus.groovy.runtime.callsite.AbstractCallSite.callConstructor(AbstractCallSite.java:263)\r\n\tat org.codehaus.groovy.runtime.callsite.AbstractCallSite.callConstructor(AbstractCallSite.java:277)\r\n\tat io.restassured.internal.common.assertion.AssertParameter.notNull(AssertParameter.groovy:26)\r\n\tat io.restassured.internal.common.assertion.AssertParameter$notNull.callStatic(Unknown Source)\r\n\tat org.codehaus.groovy.runtime.callsite.CallSiteArray.defaultCallStatic(CallSiteArray.java:54)\r\n\tat io.restassured.internal.common.assertion.AssertParameter$notNull.callStatic(Unknown Source)\r\n\tat io.restassured.internal.RequestSpecificationImpl.header(RequestSpecificationImpl.groovy:869)\r\n\tat clients.OrdersClient.createOrder(OrdersClient.java:16)\r\n\tat OrderCreationTest.createOrderWithoutAuth(OrderCreationTest.java:53)\r\n\tat java.base/jdk.internal.reflect.NativeMethodAccessorImpl.invoke0(Native Method)\r\n\tat java.base/jdk.internal.reflect.NativeMethodAccessorImpl.invoke(NativeMethodAccessorImpl.java:62)\r\n\tat java.base/jdk.internal.reflect.DelegatingMethodAccessorImpl.invoke(DelegatingMethodAccessorImpl.java:43)\r\n\tat java.base/java.lang.reflect.Method.invoke(Method.java:566)\r\n\tat org.junit.runners.model.FrameworkMethod$1.runReflectiveCall(FrameworkMethod.java:59)\r\n\tat org.junit.internal.runners.model.ReflectiveCallable.run(ReflectiveCallable.java:12)\r\n\tat org.junit.runners.model.FrameworkMethod.invokeExplosively(FrameworkMethod.java:56)\r\n\tat org.junit.internal.runners.statements.InvokeMethod.evaluate(InvokeMethod.java:17)\r\n\tat org.junit.internal.runners.statements.RunBefores.evaluate(RunBefores.java:26)\r\n\tat org.junit.internal.runners.statements.RunAfters.evaluate(RunAfters.java:27)\r\n\tat org.junit.runners.ParentRunner$3.evaluate(ParentRunner.java:306)\r\n\tat org.junit.runners.BlockJUnit4ClassRunner$1.evaluate(BlockJUnit4ClassRunner.java:100)\r\n\tat org.junit.runners.ParentRunner.runLeaf(ParentRunner.java:366)\r\n\tat org.junit.runners.BlockJUnit4ClassRunner.runChild(BlockJUnit4ClassRunner.java:103)\r\n\tat org.junit.runners.BlockJUnit4ClassRunner.runChild(BlockJUnit4ClassRunner.java:63)\r\n\tat org.junit.runners.ParentRunner$4.run(ParentRunner.java:331)\r\n\tat org.junit.runners.ParentRunner$1.schedule(ParentRunner.java:79)\r\n\tat org.junit.runners.ParentRunner.runChildren(ParentRunner.java:329)\r\n\tat org.junit.runners.ParentRunner.access$100(ParentRunner.java:66)\r\n\tat org.junit.runners.ParentRunner$2.evaluate(ParentRunner.java:293)\r\n\tat org.junit.runners.ParentRunner$3.evaluate(ParentRunner.java:306)\r\n\tat org.junit.runners.ParentRunner.run(ParentRunner.java:413)\r\n\tat org.apache.maven.surefire.junit4.JUnit4Provider.execute(JUnit4Provider.java:316)\r\n\tat org.apache.maven.surefire.junit4.JUnit4Provider.executeWithRerun(JUnit4Provider.java:240)\r\n\tat org.apache.maven.surefire.junit4.JUnit4Provider.executeTestSet(JUnit4Provider.java:214)\r\n\tat org.apache.maven.surefire.junit4.JUnit4Provider.invoke(JUnit4Provider.java:155)\r\n\tat org.apache.maven.surefire.booter.ForkedBooter.runSuitesInProcess(ForkedBooter.java:385)\r\n\tat org.apache.maven.surefire.booter.ForkedBooter.execute(ForkedBooter.java:162)\r\n\tat org.apache.maven.surefire.booter.ForkedBooter.run(ForkedBooter.java:507)\r\n\tat org.apache.maven.surefire.booter.ForkedBooter.main(ForkedBooter.java:495)\r\n","flaky":false,"newFailed":false,"newBroken":false,"newPassed":false,"retriesCount":0,"retriesStatusChange":false,"beforeStages":[],"testStage":{"status":"broken","statusMessage":"Header value cannot be null","statusTrace":"java.lang.IllegalArgumentException: Header value cannot be null\r\n\tat java.base/jdk.internal.reflect.NativeConstructorAccessorImpl.newInstance0(Native Method)\r\n\tat java.base/jdk.internal.reflect.NativeConstructorAccessorImpl.newInstance(NativeConstructorAccessorImpl.java:62)\r\n\tat java.base/jdk.internal.reflect.DelegatingConstructorAccessorImpl.newInstance(DelegatingConstructorAccessorImpl.java:45)\r\n\tat java.base/java.lang.reflect.Constructor.newInstance(Constructor.java:490)\r\n\tat org.codehaus.groovy.reflection.CachedConstructor.invoke(CachedConstructor.java:73)\r\n\tat org.codehaus.groovy.reflection.CachedConstructor.doConstructorInvoke(CachedConstructor.java:60)\r\n\tat org.codehaus.groovy.runtime.callsite.ConstructorSite$ConstructorSiteNoUnwrap.callConstructor(ConstructorSite.java:86)\r\n\tat org.codehaus.groovy.runtime.callsite.CallSiteArray.defaultCallConstructor(CallSiteArray.java:58)\r\n\tat org.codehaus.groovy.runtime.callsite.AbstractCallSite.callConstructor(AbstractCallSite.java:263)\r\n\tat org.codehaus.groovy.runtime.callsite.AbstractCallSite.callConstructor(AbstractCallSite.java:277)\r\n\tat io.restassured.internal.common.assertion.AssertParameter.notNull(AssertParameter.groovy:26)\r\n\tat io.restassured.internal.common.assertion.AssertParameter$notNull.callStatic(Unknown Source)\r\n\tat org.codehaus.groovy.runtime.callsite.CallSiteArray.defaultCallStatic(CallSiteArray.java:54)\r\n\tat io.restassured.internal.common.assertion.AssertParameter$notNull.callStatic(Unknown Source)\r\n\tat io.restassured.internal.RequestSpecificationImpl.header(RequestSpecificationImpl.groovy:869)\r\n\tat clients.OrdersClient.createOrder(OrdersClient.java:16)\r\n\tat OrderCreationTest.createOrderWithoutAuth(OrderCreationTest.java:53)\r\n\tat java.base/jdk.internal.reflect.NativeMethodAccessorImpl.invoke0(Native Method)\r\n\tat java.base/jdk.internal.reflect.NativeMethodAccessorImpl.invoke(NativeMethodAccessorImpl.java:62)\r\n\tat java.base/jdk.internal.reflect.DelegatingMethodAccessorImpl.invoke(DelegatingMethodAccessorImpl.java:43)\r\n\tat java.base/java.lang.reflect.Method.invoke(Method.java:566)\r\n\tat org.junit.runners.model.FrameworkMethod$1.runReflectiveCall(FrameworkMethod.java:59)\r\n\tat org.junit.internal.runners.model.ReflectiveCallable.run(ReflectiveCallable.java:12)\r\n\tat org.junit.runners.model.FrameworkMethod.invokeExplosively(FrameworkMethod.java:56)\r\n\tat org.junit.internal.runners.statements.InvokeMethod.evaluate(InvokeMethod.java:17)\r\n\tat org.junit.internal.runners.statements.RunBefores.evaluate(RunBefores.java:26)\r\n\tat org.junit.internal.runners.statements.RunAfters.evaluate(RunAfters.java:27)\r\n\tat org.junit.runners.ParentRunner$3.evaluate(ParentRunner.java:306)\r\n\tat org.junit.runners.BlockJUnit4ClassRunner$1.evaluate(BlockJUnit4ClassRunner.java:100)\r\n\tat org.junit.runners.ParentRunner.runLeaf(ParentRunner.java:366)\r\n\tat org.junit.runners.BlockJUnit4ClassRunner.runChild(BlockJUnit4ClassRunner.java:103)\r\n\tat org.junit.runners.BlockJUnit4ClassRunner.runChild(BlockJUnit4ClassRunner.java:63)\r\n\tat org.junit.runners.ParentRunner$4.run(ParentRunner.java:331)\r\n\tat org.junit.runners.ParentRunner$1.schedule(ParentRunner.java:79)\r\n\tat org.junit.runners.ParentRunner.runChildren(ParentRunner.java:329)\r\n\tat org.junit.runners.ParentRunner.access$100(ParentRunner.java:66)\r\n\tat org.junit.runners.ParentRunner$2.evaluate(ParentRunner.java:293)\r\n\tat org.junit.runners.ParentRunner$3.evaluate(ParentRunner.java:306)\r\n\tat org.junit.runners.ParentRunner.run(ParentRunner.java:413)\r\n\tat org.apache.maven.surefire.junit4.JUnit4Provider.execute(JUnit4Provider.java:316)\r\n\tat org.apache.maven.surefire.junit4.JUnit4Provider.executeWithRerun(JUnit4Provider.java:240)\r\n\tat org.apache.maven.surefire.junit4.JUnit4Provider.executeTestSet(JUnit4Provider.java:214)\r\n\tat org.apache.maven.surefire.junit4.JUnit4Provider.invoke(JUnit4Provider.java:155)\r\n\tat org.apache.maven.surefire.booter.ForkedBooter.runSuitesInProcess(ForkedBooter.java:385)\r\n\tat org.apache.maven.surefire.booter.ForkedBooter.execute(ForkedBooter.java:162)\r\n\tat org.apache.maven.surefire.booter.ForkedBooter.run(ForkedBooter.java:507)\r\n\tat org.apache.maven.surefire.booter.ForkedBooter.main(ForkedBooter.java:495)\r\n","steps":[{"name":"������������� ������� URI ��� ���� ��������","time":{"start":1723218173728,"stop":1723218173729,"duration":1},"status":"passed","steps":[],"attachments":[],"parameters":[],"attachmentStep":false,"stepsCount":0,"hasContent":false,"attachmentsCount":0,"shouldDisplayMessage":false},{"name":"Регистрация пользователя","time":{"start":1723218173729,"stop":1723218174305,"duration":576},"status":"passed","steps":[],"attachments":[],"parameters":[{"name":"email","value":"micah.little@gmail.com"},{"name":"password","value":"password123"},{"name":"name","value":"Order User"}],"attachmentStep":false,"stepsCount":0,"hasContent":true,"attachmentsCount":0,"shouldDisplayMessage":false},{"name":"Логин пользователя","time":{"start":1723218174306,"stop":1723218174891,"duration":585},"status":"passed","steps":[],"attachments":[],"parameters":[{"name":"email","value":"micah.little@gmail.com"},{"name":"password","value":"password123"}],"attachmentStep":false,"stepsCount":0,"hasContent":true,"attachmentsCount":0,"shouldDisplayMessage":false},{"name":"�������� ���������� ������������","time":{"start":1723218174925,"stop":1723218175714,"duration":789},"status":"passed","steps":[],"attachments":[],"parameters":[],"attachmentStep":false,"stepsCount":0,"hasContent":false,"attachmentsCount":0,"shouldDisplayMessage":false},{"name":"Создание заказа","time":{"start":1723218175714,"stop":1723218175723,"duration":9},"status":"broken","statusMessage":"Header value cannot be null","statusTrace":"java.lang.IllegalArgumentException: Header value cannot be null\r\n\tat java.base/jdk.internal.reflect.NativeConstructorAccessorImpl.newInstance0(Native Method)\r\n\tat java.base/jdk.internal.reflect.NativeConstructorAccessorImpl.newInstance(NativeConstructorAccessorImpl.java:62)\r\n\tat java.base/jdk.internal.reflect.DelegatingConstructorAccessorImpl.newInstance(DelegatingConstructorAccessorImpl.java:45)\r\n\tat java.base/java.lang.reflect.Constructor.newInstance(Constructor.java:490)\r\n\tat org.codehaus.groovy.reflection.CachedConstructor.invoke(CachedConstructor.java:73)\r\n\tat org.codehaus.groovy.reflection.CachedConstructor.doConstructorInvoke(CachedConstructor.java:60)\r\n\tat org.codehaus.groovy.runtime.callsite.ConstructorSite$ConstructorSiteNoUnwrap.callConstructor(ConstructorSite.java:86)\r\n\tat org.codehaus.groovy.runtime.callsite.CallSiteArray.defaultCallConstructor(CallSiteArray.java:58)\r\n\tat org.codehaus.groovy.runtime.callsite.AbstractCallSite.callConstructor(AbstractCallSite.java:263)\r\n\tat org.codehaus.groovy.runtime.callsite.AbstractCallSite.callConstructor(AbstractCallSite.java:277)\r\n\tat io.restassured.internal.common.assertion.AssertParameter.notNull(AssertParameter.groovy:26)\r\n\tat io.restassured.internal.common.assertion.AssertParameter$notNull.callStatic(Unknown Source)\r\n\tat org.codehaus.groovy.runtime.callsite.CallSiteArray.defaultCallStatic(CallSiteArray.java:54)\r\n\tat io.restassured.internal.common.assertion.AssertParameter$notNull.callStatic(Unknown Source)\r\n\tat io.restassured.internal.RequestSpecificationImpl.header(RequestSpecificationImpl.groovy:869)\r\n\tat clients.OrdersClient.createOrder(OrdersClient.java:16)\r\n\tat OrderCreationTest.createOrderWithoutAuth(OrderCreationTest.java:53)\r\n\tat java.base/jdk.internal.reflect.NativeMethodAccessorImpl.invoke0(Native Method)\r\n\tat java.base/jdk.internal.reflect.NativeMethodAccessorImpl.invoke(NativeMethodAccessorImpl.java:62)\r\n\tat java.base/jdk.internal.reflect.DelegatingMethodAccessorImpl.invoke(DelegatingMethodAccessorImpl.java:43)\r\n\tat java.base/java.lang.reflect.Method.invoke(Method.java:566)\r\n\tat org.junit.runners.model.FrameworkMethod$1.runReflectiveCall(FrameworkMethod.java:59)\r\n\tat org.junit.internal.runners.model.ReflectiveCallable.run(ReflectiveCallable.java:12)\r\n\tat org.junit.runners.model.FrameworkMethod.invokeExplosively(FrameworkMethod.java:56)\r\n\tat org.junit.internal.runners.statements.InvokeMethod.evaluate(InvokeMethod.java:17)\r\n\tat org.junit.internal.runners.statements.RunBefores.evaluate(RunBefores.java:26)\r\n\tat org.junit.internal.runners.statements.RunAfters.evaluate(RunAfters.java:27)\r\n\tat org.junit.runners.ParentRunner$3.evaluate(ParentRunner.java:306)\r\n\tat org.junit.runners.BlockJUnit4ClassRunner$1.evaluate(BlockJUnit4ClassRunner.java:100)\r\n\tat org.junit.runners.ParentRunner.runLeaf(ParentRunner.java:366)\r\n\tat org.junit.runners.BlockJUnit4ClassRunner.runChild(BlockJUnit4ClassRunner.java:103)\r\n\tat org.junit.runners.BlockJUnit4ClassRunner.runChild(BlockJUnit4ClassRunner.java:63)\r\n\tat org.junit.runners.ParentRunner$4.run(ParentRunner.java:331)\r\n\tat org.junit.runners.ParentRunner$1.schedule(ParentRunner.java:79)\r\n\tat org.junit.runners.ParentRunner.runChildren(ParentRunner.java:329)\r\n\tat org.junit.runners.ParentRunner.access$100(ParentRunner.java:66)\r\n\tat org.junit.runners.ParentRunner$2.evaluate(ParentRunner.java:293)\r\n\tat org.junit.runners.ParentRunner$3.evaluate(ParentRunner.java:306)\r\n\tat org.junit.runners.ParentRunner.run(ParentRunner.java:413)\r\n\tat org.apache.maven.surefire.junit4.JUnit4Provider.execute(JUnit4Provider.java:316)\r\n\tat org.apache.maven.surefire.junit4.JUnit4Provider.executeWithRerun(JUnit4Provider.java:240)\r\n\tat org.apache.maven.surefire.junit4.JUnit4Provider.executeTestSet(JUnit4Provider.java:214)\r\n\tat org.apache.maven.surefire.junit4.JUnit4Provider.invoke(JUnit4Provider.java:155)\r\n\tat org.apache.maven.surefire.booter.ForkedBooter.runSuitesInProcess(ForkedBooter.java:385)\r\n\tat org.apache.maven.surefire.booter.ForkedBooter.execute(ForkedBooter.java:162)\r\n\tat org.apache.maven.surefire.booter.ForkedBooter.run(ForkedBooter.java:507)\r\n\tat org.apache.maven.surefire.booter.ForkedBooter.main(ForkedBooter.java:495)\r\n","steps":[],"attachments":[],"parameters":[{"name":"accessToken","value":"null"},{"name":"body","value":"{ \"ingredients\": [\"61c0c5a71d1f82001bdaaa72\"] }"}],"attachmentStep":false,"stepsCount":0,"hasContent":true,"attachmentsCount":0,"shouldDisplayMessage":true},{"name":"�������� ���������� ������������","time":{"start":1723218175724,"stop":1723218175724,"duration":0},"status":"passed","steps":[],"attachments":[],"parameters":[],"attachmentStep":false,"stepsCount":0,"hasContent":false,"attachmentsCount":0,"shouldDisplayMessage":false}],"attachments":[],"parameters":[],"attachmentStep":false,"stepsCount":6,"hasContent":true,"attachmentsCount":0,"shouldDisplayMessage":false},"afterStages":[],"labels":[{"name":"package","value":""},{"name":"testClass","value":"OrderCreationTest"},{"name":"testMethod","value":"createOrderWithoutAuth"},{"name":"suite","value":"OrderCreationTest"},{"name":"host","value":"Tim"},{"name":"thread","value":"5944@Tim.main(1)"},{"name":"framework","value":"junit4"},{"name":"language","value":"java"},{"name":"resultFormat","value":"allure2"}],"parameters":[],"links":[],"hidden":false,"retry":false,"extra":{"severity":"normal","retries":[],"categories":[{"name":"Test defects","matchedStatuses":[],"flaky":false}],"tags":[]},"source":"b05c358190cdecf1.json","parameterValues":[]}